\BOOKMARK [1][-]{section*.1}{TODO}{}% 1
\BOOKMARK [1][-]{section*.2}{Project Summary}{}% 2
\BOOKMARK [2][-]{section*.3}{Intellectual merit:}{section*.2}% 3
\BOOKMARK [2][-]{section*.4}{Broader impacts:}{section*.2}% 4
\BOOKMARK [1][-]{section*.5}{Project Description}{}% 5
\BOOKMARK [1][-]{section.1}{1. Dynamic forecasting in political science}{}% 6
\BOOKMARK [1][-]{section.2}{2. Ensemble Bayesian model averaging}{}% 7
\BOOKMARK [2][-]{subsection.2.1}{2.1. Mathematical intuition}{section.2}% 8
\BOOKMARK [2][-]{subsection.2.2}{2.2. EBMA for dynamic settings}{section.2}% 9
\BOOKMARK [2][-]{subsection.2.3}{2.3. EBMA for normally distributed outcomes}{section.2}% 10
\BOOKMARK [2][-]{subsection.2.4}{2.4. The dichotomous outcome model}{section.2}% 11
\BOOKMARK [2][-]{subsection.2.5}{2.5. Parameter estimation by maximum likelihood and EM algorithm}{section.2}% 12
\BOOKMARK [2][-]{subsection.2.6}{2.6. Ensemble prediction}{section.2}% 13
\BOOKMARK [1][-]{section.3}{3. Empirical applications}{}% 14
\BOOKMARK [2][-]{subsection.3.1}{3.1. Application to insurgency forecasting}{section.3}% 15
\BOOKMARK [2][-]{subsection.3.2}{3.2. Application to US presidential election forecasts}{section.3}% 16
\BOOKMARK [2][-]{subsection.3.3}{3.3. Application to Supreme Court Forecasting Project}{section.3}% 17
\BOOKMARK [1][-]{section.4}{4. Proposed research}{}% 18
\BOOKMARK [1][-]{section.5}{5. Results from Prior NSF Support}{}% 19
\BOOKMARK [1][-]{section.6}{6. Results from Prior NSF Support}{}% 20
\BOOKMARK [1][-]{section*.6}{References}{}% 21
