This is pdfTeX, Version 3.1415926-1.40.11 (TeX Live 2010) (format=pdflatex 2010.7.21)  9 MAR 2011 10:35
entering extended mode
 restricted \write18 enabled.
 %&-line parsing enabled.
**\input wardetal_ISA2011_skeleton.tex
(./wardetal_ISA2011_skeleton.tex
(/usr/local/texlive/2010/texmf-dist/tex/latex/amscls/amsart.cls
Document Class: amsart 2009/07/02 v2.20.1
\linespacing=\dimen102
\normalparindent=\dimen103
\normaltopskip=\skip41
(/usr/local/texlive/2010/texmf-dist/tex/latex/amsmath/amsmath.sty
Package: amsmath 2000/07/18 v2.13 AMS math features
\@mathmargin=\skip42

For additional information on amsmath, use the `?' option.
(/usr/local/texlive/2010/texmf-dist/tex/latex/amsmath/amstext.sty
Package: amstext 2000/06/29 v2.01

(/usr/local/texlive/2010/texmf-dist/tex/latex/amsmath/amsgen.sty
File: amsgen.sty 1999/11/30 v2.0
\@emptytoks=\toks14
\ex@=\dimen104
))
(/usr/local/texlive/2010/texmf-dist/tex/latex/amsmath/amsbsy.sty
Package: amsbsy 1999/11/29 v1.2d
\pmbraise@=\dimen105
)
(/usr/local/texlive/2010/texmf-dist/tex/latex/amsmath/amsopn.sty
Package: amsopn 1999/12/14 v2.01 operator names
)
\inf@bad=\count79
LaTeX Info: Redefining \frac on input line 211.
\uproot@=\count80
\leftroot@=\count81
LaTeX Info: Redefining \overline on input line 307.
\classnum@=\count82
\DOTSCASE@=\count83
LaTeX Info: Redefining \ldots on input line 379.
LaTeX Info: Redefining \dots on input line 382.
LaTeX Info: Redefining \cdots on input line 467.
\Mathstrutbox@=\box26
\strutbox@=\box27
\big@size=\dimen106
LaTeX Font Info:    Redeclaring font encoding OML on input line 567.
LaTeX Font Info:    Redeclaring font encoding OMS on input line 568.
\macc@depth=\count84
\c@MaxMatrixCols=\count85
\dotsspace@=\muskip10
\c@parentequation=\count86
\dspbrk@lvl=\count87
\tag@help=\toks15
\row@=\count88
\column@=\count89
\maxfields@=\count90
\andhelp@=\toks16
\eqnshift@=\dimen107
\alignsep@=\dimen108
\tagshift@=\dimen109
\tagwidth@=\dimen110
\totwidth@=\dimen111
\lineht@=\dimen112
\@envbody=\toks17
\multlinegap=\skip43
\multlinetaggap=\skip44
\mathdisplay@stack=\toks18
LaTeX Info: Redefining \[ on input line 2666.
LaTeX Info: Redefining \] on input line 2667.
)
LaTeX Font Info:    Try loading font information for U+msa on input line 388.

(/usr/local/texlive/2010/texmf-dist/tex/latex/amsfonts/umsa.fd
File: umsa.fd 2009/06/22 v3.00 AMS symbols A
)
(/usr/local/texlive/2010/texmf-dist/tex/latex/amsfonts/amsfonts.sty
Package: amsfonts 2009/06/22 v3.00 Basic AMSFonts support
\symAMSa=\mathgroup4
\symAMSb=\mathgroup5
LaTeX Font Info:    Overwriting math alphabet `\mathfrak' in version `bold'
(Font)                  U/euf/m/n --> U/euf/b/n on input line 96.
)
\copyins=\insert233
\abstractbox=\box28
\listisep=\skip45
\c@part=\count91
\c@section=\count92
\c@subsection=\count93
\c@subsubsection=\count94
\c@paragraph=\count95
\c@subparagraph=\count96
\c@figure=\count97
\c@table=\count98
\abovecaptionskip=\skip46
\belowcaptionskip=\skip47
\captionindent=\dimen113
\thm@style=\toks19
\thm@bodyfont=\toks20
\thm@headfont=\toks21
\thm@notefont=\toks22
\thm@headpunct=\toks23
\thm@preskip=\skip48
\thm@postskip=\skip49
\thm@headsep=\skip50
\dth@everypar=\toks24
)
(/usr/local/texlive/2010/texmf-dist/tex/latex/tools/array.sty
Package: array 2008/09/09 v2.4c Tabular extension package (FMi)
\col@sep=\dimen114
\extrarowheight=\dimen115
\NC@list=\toks25
\extratabsurround=\skip51
\backup@length=\skip52
)
(/usr/local/texlive/2010/texmf-dist/tex/latex/psfrag/psfrag.sty
Package: psfrag 1998/04/11 v3.04 PSfrag (MCG)

(/usr/local/texlive/2010/texmf-dist/tex/latex/graphics/graphics.sty
Package: graphics 2009/02/05 v1.0o Standard LaTeX Graphics (DPC,SPQR)

(/usr/local/texlive/2010/texmf-dist/tex/latex/graphics/trig.sty
Package: trig 1999/03/16 v1.09 sin cos tan (DPC)
)
(/usr/local/texlive/2010/texmf-dist/tex/latex/latexconfig/graphics.cfg
File: graphics.cfg 2010/04/23 v1.9 graphics configuration of TeX Live
)
Package graphics Info: Driver file: pdftex.def on input line 91.

(/usr/local/texlive/2010/texmf-dist/tex/latex/pdftex-def/pdftex.def
File: pdftex.def 2010/02/14 v0.04n Graphics/color for pdfTeX
\Gread@gobject=\count99
))
\pfg@pcount=\count100
\pfg@scount=\count101
\pfg@temp=\write3
)
(/usr/local/texlive/2010/texmf-dist/tex/latex/amsfonts/amssymb.sty
Package: amssymb 2009/06/22 v3.00
)
(/usr/local/texlive/2010/texmf-dist/tex/latex/subfigure/subfigure.sty
Package: subfigure 2002/03/15 v2.1.5 subfigure package
\subfigtopskip=\skip53
\subfigcapskip=\skip54
\subfigcaptopadj=\dimen116
\subfigbottomskip=\skip55
\subfigcapmargin=\dimen117
\subfiglabelskip=\skip56
\c@subfigure=\count102
\c@lofdepth=\count103
\c@subtable=\count104
\c@lotdepth=\count105

****************************************
* Local config file subfigure.cfg used *
****************************************
(/usr/local/texlive/2010/texmf-dist/tex/latex/subfigure/subfigure.cfg)
\subfig@top=\skip57
\subfig@bottom=\skip58
)
(/usr/local/texlive/2010/texmf-dist/tex/latex/tools/tabularx.sty
Package: tabularx 1999/01/07 v2.07 `tabularx' package (DPC)
\TX@col@width=\dimen118
\TX@old@table=\dimen119
\TX@old@col=\dimen120
\TX@target=\dimen121
\TX@delta=\dimen122
\TX@cols=\count106
\TX@ftn=\toks26
)
(/usr/local/texlive/2010/texmf-dist/tex/latex/hyperref/hyperref.sty
Package: hyperref 2010/06/18 v6.81g Hypertext links for LaTeX

(/usr/local/texlive/2010/texmf-dist/tex/generic/oberdiek/ltxcmds.sty
Package: ltxcmds 2010/04/26 v1.7 LaTeX kernel commands for general use (HO)
)
(/usr/local/texlive/2010/texmf-dist/tex/latex/graphics/keyval.sty
Package: keyval 1999/03/16 v1.13 key=value parser (DPC)
\KV@toks@=\toks27
)
(/usr/local/texlive/2010/texmf-dist/tex/generic/oberdiek/kvsetkeys.sty
Package: kvsetkeys 2010/03/01 v1.9 Key value parser (HO)

(/usr/local/texlive/2010/texmf-dist/tex/generic/oberdiek/infwarerr.sty
Package: infwarerr 2010/04/08 v1.3 Providing info/warning/message (HO)
)
(/usr/local/texlive/2010/texmf-dist/tex/generic/oberdiek/etexcmds.sty
Package: etexcmds 2010/01/28 v1.3 Prefix for e-TeX command names (HO)
Package etexcmds Info: Could not find \expanded.
(etexcmds)             That can mean that you are not using pdfTeX 1.50 or
(etexcmds)             that some package has redefined \expanded.
(etexcmds)             In the latter case, load this package earlier.
))
(/usr/local/texlive/2010/texmf-dist/tex/generic/oberdiek/pdfescape.sty
Package: pdfescape 2010/03/01 v1.9 Provides hex, PDF name and string conversion
s (HO)

(/usr/local/texlive/2010/texmf-dist/tex/generic/oberdiek/pdftexcmds.sty
Package: pdftexcmds 2010/04/01 v0.9 Utility functions of pdfTeX for LuaTeX (HO)


(/usr/local/texlive/2010/texmf-dist/tex/generic/oberdiek/ifluatex.sty
Package: ifluatex 2010/03/01 v1.3 Provides the ifluatex switch (HO)
Package ifluatex Info: LuaTeX not detected.
)
Package pdftexcmds Info: LuaTeX not detected.
Package pdftexcmds Info: \pdf@primitive is available.
Package pdftexcmds Info: \pdf@ifprimitive is available.
))
(/usr/local/texlive/2010/texmf-dist/tex/generic/oberdiek/ifpdf.sty
Package: ifpdf 2010/01/28 v2.1 Provides the ifpdf switch (HO)
Package ifpdf Info: pdfTeX in pdf mode detected.
)
(/usr/local/texlive/2010/texmf-dist/tex/generic/oberdiek/ifvtex.sty
Package: ifvtex 2010/03/01 v1.5 Switches for detecting VTeX and its modes (HO)
Package ifvtex Info: VTeX not detected.
)
(/usr/local/texlive/2010/texmf-dist/tex/generic/ifxetex/ifxetex.sty
Package: ifxetex 2009/01/23 v0.5 Provides ifxetex conditional
)
(/usr/local/texlive/2010/texmf-dist/tex/latex/oberdiek/hycolor.sty
Package: hycolor 2009/12/12 v1.6 Color options of hyperref/bookmark (HO)

(/usr/local/texlive/2010/texmf-dist/tex/latex/oberdiek/xcolor-patch.sty
Package: xcolor-patch 2009/12/12 xcolor patch
))
(/usr/local/texlive/2010/texmf-dist/tex/latex/oberdiek/letltxmacro.sty
Package: letltxmacro 2008/06/24 v1.3 Let assignment for LaTeX macros (HO)
)
\@linkdim=\dimen123
\Hy@linkcounter=\count107
\Hy@pagecounter=\count108

(/usr/local/texlive/2010/texmf-dist/tex/latex/hyperref/pd1enc.def
File: pd1enc.def 2010/06/18 v6.81g Hyperref: PDFDocEncoding definition (HO)
)
(/usr/local/texlive/2010/texmf-dist/tex/generic/oberdiek/intcalc.sty
Package: intcalc 2007/09/27 v1.1 Expandable integer calculations (HO)
)
(/usr/local/texlive/2010/texmf-dist/tex/latex/latexconfig/hyperref.cfg
File: hyperref.cfg 2002/06/06 v1.2 hyperref configuration of TeXLive
)
(/usr/local/texlive/2010/texmf-dist/tex/latex/oberdiek/kvoptions.sty
Package: kvoptions 2010/02/22 v3.7 Keyval support for LaTeX options (HO)
)
Package hyperref Info: Hyper figures OFF on input line 3658.
Package hyperref Info: Link nesting OFF on input line 3663.
Package hyperref Info: Hyper index ON on input line 3666.
Package hyperref Info: Plain pages OFF on input line 3673.
Package hyperref Info: Backreferencing OFF on input line 3678.

Implicit mode ON; LaTeX internals redefined
Package hyperref Info: Bookmarks ON on input line 3874.
(/usr/local/texlive/2010/texmf-dist/tex/latex/url/url.sty
\Urlmuskip=\muskip11
Package: url 2006/04/12  ver 3.3  Verb mode for urls, etc.
)
LaTeX Info: Redefining \url on input line 4159.

(/usr/local/texlive/2010/texmf-dist/tex/generic/oberdiek/bitset.sty
Package: bitset 2007/09/28 v1.0 Data type bit set (HO)

(/usr/local/texlive/2010/texmf-dist/tex/generic/oberdiek/bigintcalc.sty
Package: bigintcalc 2007/11/11 v1.1 Expandable big integer calculations (HO)
))
\Fld@menulength=\count109
\Field@Width=\dimen124
\Fld@charsize=\dimen125
\Field@toks=\toks28
Package hyperref Info: Hyper figures OFF on input line 5137.
Package hyperref Info: Link nesting OFF on input line 5142.
Package hyperref Info: Hyper index ON on input line 5145.
Package hyperref Info: backreferencing OFF on input line 5152.
Package hyperref Info: Link coloring OFF on input line 5157.
Package hyperref Info: Link coloring with OCG OFF on input line 5162.
Package hyperref Info: PDF/A mode OFF on input line 5167.
LaTeX Info: Redefining \ref on input line 5207.
LaTeX Info: Redefining \pageref on input line 5211.

(/usr/local/texlive/2010/texmf-dist/tex/generic/oberdiek/atbegshi.sty
Package: atbegshi 2010/03/25 v1.12 At begin shipout hook (HO)
)
\Hy@abspage=\count110
\c@Item=\count111
)
* hyperref using driver hpdftex *
(/usr/local/texlive/2010/texmf-dist/tex/latex/hyperref/hpdftex.def
File: hpdftex.def 2010/06/18 v6.81g Hyperref driver for pdfTeX

(/usr/local/texlive/2010/texmf-dist/tex/latex/oberdiek/atveryend.sty
Package: atveryend 2010/03/24 v1.5 Hooks at very end of document (HO)
Package atveryend Info: \enddocument detected (standard).
)
\Fld@listcount=\count112
\c@bookmark@seq@number=\count113

(/usr/local/texlive/2010/texmf-dist/tex/latex/oberdiek/rerunfilecheck.sty
Package: rerunfilecheck 2010/03/16 v1.6 Rerun checks for auxiliary files (HO)

(/usr/local/texlive/2010/texmf-dist/tex/generic/oberdiek/uniquecounter.sty
Package: uniquecounter 2009/12/18 v1.1 Provides unlimited unique counter (HO)
)
Package uniquecounter Info: New unique counter `rerunfilecheck' on input line 2
71.
)
\Hy@SectionHShift=\skip59
)
(/usr/local/texlive/2010/texmf-dist/tex/latex/tools/multicol.sty
Package: multicol 2008/12/05 v1.6h multicolumn formatting (FMi)
\c@tracingmulticols=\count114
\mult@box=\box29
\multicol@leftmargin=\dimen126
\c@unbalance=\count115
\c@collectmore=\count116
\doublecol@number=\count117
\multicoltolerance=\count118
\multicolpretolerance=\count119
\full@width=\dimen127
\page@free=\dimen128
\premulticols=\dimen129
\postmulticols=\dimen130
\multicolsep=\skip60
\multicolbaselineskip=\skip61
\partial@page=\box30
\last@line=\box31
\mult@rightbox=\box32
\mult@grightbox=\box33
\mult@gfirstbox=\box34
\mult@firstbox=\box35
\@tempa=\box36
\@tempa=\box37
\@tempa=\box38
\@tempa=\box39
\@tempa=\box40
\@tempa=\box41
\@tempa=\box42
\@tempa=\box43
\@tempa=\box44
\@tempa=\box45
\@tempa=\box46
\@tempa=\box47
\@tempa=\box48
\@tempa=\box49
\@tempa=\box50
\@tempa=\box51
\@tempa=\box52
\c@columnbadness=\count120
\c@finalcolumnbadness=\count121
\last@try=\dimen131
\multicolovershoot=\dimen132
\multicolundershoot=\dimen133
\mult@nat@firstbox=\box53
\colbreak@box=\box54
)
(/usr/local/texlive/2010/texmf-dist/tex/latex/booktabs/booktabs.sty
Package: booktabs 2005/04/14 v1.61803 publication quality tables
\heavyrulewidth=\dimen134
\lightrulewidth=\dimen135
\cmidrulewidth=\dimen136
\belowrulesep=\dimen137
\belowbottomsep=\dimen138
\aboverulesep=\dimen139
\abovetopsep=\dimen140
\cmidrulesep=\dimen141
\cmidrulekern=\dimen142
\defaultaddspace=\dimen143
\@cmidla=\count122
\@cmidlb=\count123
\@aboverulesep=\dimen144
\@belowrulesep=\dimen145
\@thisruleclass=\count124
\@lastruleclass=\count125
\@thisrulewidth=\dimen146
)
(/usr/local/texlive/2010/texmf-dist/tex/latex/vmargin/vmargin.sty
Package: vmargin 2004/07/15 V2.5 set document margins (VK)

Package: vmargin 2004/07/15 V2.5 set document margins (VK)
\PaperWidth=\dimen147
\PaperHeight=\dimen148
) (/usr/local/texlive/2010/texmf-dist/tex/latex/boxedminipage/boxedminipage.sty
) (/usr/local/texlive/2010/texmf-dist/tex/latex/graphics/color.sty
Package: color 2005/11/14 v1.0j Standard LaTeX Color (DPC)

(/usr/local/texlive/2010/texmf-dist/tex/latex/latexconfig/color.cfg
File: color.cfg 2007/01/18 v1.5 color configuration of teTeX/TeXLive
)
Package color Info: Driver file: pdftex.def on input line 130.
)
(/usr/local/texlive/2010/texmf-dist/tex/latex/datetime/datetime.sty
Package: datetime 2010/02/06 v2.57 Date Time Package

(/usr/local/texlive/2010/texmf-dist/tex/latex/fmtcount/fmtcount.sty
Package: fmtcount 2009/10/02 v1.31

(/usr/local/texlive/2010/texmf-dist/tex/latex/base/ifthen.sty
Package: ifthen 2001/05/26 v1.1c Standard LaTeX ifthen package (DPC)
)
\c@padzeroesN=\count126

(/usr/local/texlive/2010/texmf-dist/tex/latex/fmtcount/fc-english.def
File: fc-english 2007/05/26
)
(/usr/local/texlive/2010/texmf-dist/tex/latex/fmtcount/fc-UKenglish.def
File: fc-UKenglish 2007/06/14
)
(/usr/local/texlive/2010/texmf-dist/tex/latex/fmtcount/fc-british.def
File: fc-british 2007/06/14
)
(/usr/local/texlive/2010/texmf-dist/tex/latex/fmtcount/fc-USenglish.def
File: fc-USenglish 2007/06/14
)
(/usr/local/texlive/2010/texmf-dist/tex/latex/fmtcount/fc-spanish.def
File: fc-spanish.def 2007/05/26
)
(/usr/local/texlive/2010/texmf-dist/tex/latex/fmtcount/fc-portuges.def
File: fc-portuges.def 2007/05/26
)
(/usr/local/texlive/2010/texmf-dist/tex/latex/fmtcount/fc-french.def
File: fc-french.def 2007/05/26
)
(/usr/local/texlive/2010/texmf-dist/tex/latex/fmtcount/fc-german.def
File: fc-german.def 2007/06/14
)
(/usr/local/texlive/2010/texmf-dist/tex/latex/fmtcount/fc-italian.def
File: fc-italian.def 2009/10/02 Italian support for fmtcount (Edoardo Pasca)
)
No configuration file fmtcount.cfg found.
\@DT@modctr=\count127
\@ordinalctr=\count128
\@orgargctr=\count129
\@strctr=\count130
\@tmpstrctr=\count131
\@DT@loopN=\count132
\@DT@X=\count133
)
\@day=\count134
\@month=\count135
\@year=\count136
\c@HOUR=\count137
\c@HOURXII=\count138
\c@MINUTE=\count139
\c@TOHOUR=\count140
\c@TOMINUTE=\count141
\c@SECOND=\count142
\currenthour=\count143
\currentminute=\count144
\currentsecond=\count145
Package datetime Info: No datetime.cfg file found, using default settings on in
put line 292.
\@dtctr=\count146
\dayofyear=\count147
\dayofweek=\count148
LaTeX Info: Redefining \today on input line 712.
\dt@a=\toks29
\dt@b=\toks30
) (/usr/local/texlive/2010/texmf-dist/tex/latex/tools/dcolumn.sty
Package: dcolumn 2001/05/28 v1.06 decimal alignment package (DPC)
)
(/usr/local/texlive/2010/texmf-dist/tex/latex/wrapfig/wrapfig.sty
\wrapoverhang=\dimen149
\WF@size=\dimen150
\c@WF@wrappedlines=\count149
\WF@box=\box55
\WF@everypar=\toks31
Package: wrapfig 2003/01/31  v 3.6
)
(/usr/local/texlive/2010/texmf-dist/tex/latex/setspace/setspace.sty
Package: setspace 2000/12/01 6.7 Contributed and Supported LaTeX2e package

Package: `setspace' 6.7 <2000/12/01>
) (/usr/local/texlive/2010/texmf-dist/tex/generic/babel/babel.sty
Package: babel 2008/07/06 v3.8l The Babel package

(/usr/local/texlive/2010/texmf-dist/tex/generic/babel/english.ldf
Language: english 2005/03/30 v3.3o English support from the babel system

(/usr/local/texlive/2010/texmf-dist/tex/generic/babel/babel.def
File: babel.def 2008/07/06 v3.8l Babel common definitions
\babel@savecnt=\count150
\U@D=\dimen151
)
\l@canadian = a dialect from \language\l@american 
\l@australian = a dialect from \language\l@british 
\l@newzealand = a dialect from \language\l@british 
))
(/usr/local/texlive/2010/texmf-dist/tex/latex/psnfss/times.sty
Package: times 2005/04/12 PSNFSS-v9.2a (SPQR) 
)
(/usr/local/texlive/2010/texmf-dist/tex/latex/multirow/multirow.sty
\bigstrutjot=\dimen152
)
(/usr/local/texlive/2010/texmf-dist/tex/latex/graphics/graphicx.sty
Package: graphicx 1999/02/16 v1.0f Enhanced LaTeX Graphics (DPC,SPQR)
\Gin@req@height=\dimen153
\Gin@req@width=\dimen154
)
(/usr/local/texlive/2010/texmf-dist/tex/latex/graphics/lscape.sty
Package: lscape 2000/10/22 v3.01 Landscape Pages (DPC)
)
(/usr/local/texlive/2010/texmf-dist/tex/latex/geometry/geometry.sty
Package: geometry 2010/07/13 v5.5 Page Geometry
\Gm@cnth=\count151
\Gm@cntv=\count152
\c@Gm@tempcnt=\count153
\Gm@bindingoffset=\dimen155
\Gm@wd@mp=\dimen156
\Gm@odd@mp=\dimen157
\Gm@even@mp=\dimen158
\Gm@layoutwidth=\dimen159
\Gm@layoutheight=\dimen160
\Gm@layouthoffset=\dimen161
\Gm@layoutvoffset=\dimen162
\Gm@dimlist=\toks32
)
(/usr/local/texlive/2010/texmf-dist/tex/latex/natbib/natbib.sty
Package: natbib 2009/11/07 8.31a (PWD, AO)
\bibhang=\skip62
\bibsep=\skip63
LaTeX Info: Redefining \cite on input line 694.
\c@NAT@ctr=\count154
)

LaTeX Warning: Unused global option(s):
    [fullpage].

(./wardetal_ISA2011_skeleton.aux)
\openout1 = `wardetal_ISA2011_skeleton.aux'.

LaTeX Font Info:    Checking defaults for OML/cmm/m/it on input line 61.
LaTeX Font Info:    ... okay on input line 61.
LaTeX Font Info:    Checking defaults for T1/cmr/m/n on input line 61.
LaTeX Font Info:    ... okay on input line 61.
LaTeX Font Info:    Checking defaults for OT1/cmr/m/n on input line 61.
LaTeX Font Info:    ... okay on input line 61.
LaTeX Font Info:    Checking defaults for OMS/cmsy/m/n on input line 61.
LaTeX Font Info:    ... okay on input line 61.
LaTeX Font Info:    Checking defaults for OMX/cmex/m/n on input line 61.
LaTeX Font Info:    ... okay on input line 61.
LaTeX Font Info:    Checking defaults for U/cmr/m/n on input line 61.
LaTeX Font Info:    ... okay on input line 61.
LaTeX Font Info:    Checking defaults for PD1/pdf/m/n on input line 61.
LaTeX Font Info:    ... okay on input line 61.
LaTeX Font Info:    Try loading font information for OT1+ptm on input line 61.

(/usr/local/texlive/2010/texmf-dist/tex/latex/psnfss/ot1ptm.fd
File: ot1ptm.fd 2001/06/04 font definitions for OT1/ptm.
)
LaTeX Font Info:    Try loading font information for U+msa on input line 61.

(/usr/local/texlive/2010/texmf-dist/tex/latex/amsfonts/umsa.fd
File: umsa.fd 2009/06/22 v3.00 AMS symbols A
)
LaTeX Font Info:    Try loading font information for U+msb on input line 61.

(/usr/local/texlive/2010/texmf-dist/tex/latex/amsfonts/umsb.fd
File: umsb.fd 2009/06/22 v3.00 AMS symbols B
)
(/usr/local/texlive/2010/texmf-dist/tex/context/base/supp-pdf.mkii
[Loading MPS to PDF converter (version 2006.09.02).]
\scratchcounter=\count155
\scratchdimen=\dimen163
\scratchbox=\box56
\nofMPsegments=\count156
\nofMParguments=\count157
\everyMPshowfont=\toks33
\MPscratchCnt=\count158
\MPscratchDim=\dimen164
\MPnumerator=\count159
\everyMPtoPDFconversion=\toks34
) (/usr/local/texlive/2010/texmf-dist/tex/latex/oberdiek/epstopdf-base.sty
Package: epstopdf-base 2010/02/09 v2.5 Base part for package epstopdf

(/usr/local/texlive/2010/texmf-dist/tex/latex/oberdiek/grfext.sty
Package: grfext 2007/09/30 v1.0 Managing graphics extensions (HO)
)
Package grfext Info: Graphics extension search list:
(grfext)             [.png,.pdf,.jpg,.mps,.jpeg,.jbig2,.jb2,.PNG,.PDF,.JPG,.JPE
G,.JBIG2,.JB2,.eps]
(grfext)             \AppendGraphicsExtensions on input line 436.

(/usr/local/texlive/2010/texmf-dist/tex/latex/latexconfig/epstopdf-sys.cfg
File: epstopdf-sys.cfg 2010/07/13 v1.3 Configuration of (r)epstopdf for TeX Liv
e
))
\AtBeginShipoutBox=\box57
Package hyperref Info: Link coloring OFF on input line 61.

(/usr/local/texlive/2010/texmf-dist/tex/latex/hyperref/nameref.sty
Package: nameref 2010/04/30 v2.40 Cross-referencing by name of section

(/usr/local/texlive/2010/texmf-dist/tex/latex/oberdiek/refcount.sty
Package: refcount 2008/08/11 v3.1 Data extraction from references (HO)
)
(/usr/local/texlive/2010/texmf-dist/tex/generic/oberdiek/gettitlestring.sty
Package: gettitlestring 2009/12/18 v1.3 Cleanup title references (HO)
)
\c@section@level=\count160
)
LaTeX Info: Redefining \ref on input line 61.
LaTeX Info: Redefining \pageref on input line 61.
LaTeX Info: Redefining \nameref on input line 61.

(./wardetal_ISA2011_skeleton.out) (./wardetal_ISA2011_skeleton.out)
\@outlinefile=\write4
\openout4 = `wardetal_ISA2011_skeleton.out'.


*geometry* detected driver: pdftex
*geometry* verbose mode - [ preamble ] result:
* driver: pdftex
* paper: <default>
* layout: <same size as paper>
* layoutoffset:(h,v)=(0.0pt,0.0pt)
* modes: 
* h-part:(L,W,R)=(144.54pt, 453.60806pt, 0.0pt)
* v-part:(T,H,B)=(144.54pt, 629.09044pt, 72.26999pt)
* \paperwidth=598.14806pt
* \paperheight=845.90042pt
* \textwidth=453.60806pt
* \textheight=629.09044pt
* \oddsidemargin=72.27pt
* \evensidemargin=72.27pt
* \topmargin=28.97198pt
* \headheight=12.0pt
* \headsep=31.29802pt
* \topskip=10.0pt
* \footskip=31.29802pt
* \marginparwidth=90.0pt
* \marginparsep=11.0pt
* \columnsep=10.0pt
* \skip\footins=7.0pt plus 11.0pt
* \hoffset=-72.26999pt
* \voffset=-72.26999pt
* \mag=1000
* \@twocolumnfalse
* \@twosidefalse
* \@mparswitchfalse
* \@reversemarginfalse
* (1in=72.27pt=25.4mm, 1cm=28.453pt)

LaTeX Font Info:    Font shape `OT1/ptm/bx/n' in size <12> not available
(Font)              Font shape `OT1/ptm/b/n' tried instead on input line 70.
[1
Non-PDF special ignored!{/usr/local/texlive/2010/texmf-var/fonts/map/pdftex/upd
map/pdftex.map}]
Underfull \vbox (badness 10000) has occurred while \output is active []

 [2]
Overfull \hbox (2.92694pt too wide) in paragraph at lines 150--163
[]\OT1/ptm/m/n/12 While gen-er-ally seen as the high-est va-lid-ity check of st
a-tis-ti-cal mod-els and the-ory ([]De Marchi,
 []


Package natbib Warning: Citation `Chocuri:Robinson:1978' undefined on input lin
e 172.

LaTeX Font Info:    Try loading font information for OT1+pcr on input line 187.

(/usr/local/texlive/2010/texmf-dist/tex/latex/psnfss/ot1pcr.fd
File: ot1pcr.fd 2001/06/04 font definitions for OT1/pcr.
) [3] [4]
Underfull \vbox (badness 3590) has occurred while \output is active []

 [5]
[6]
Underfull \vbox (badness 1867) has occurred while \output is active []

 [7]
Underfull \vbox (badness 10000) has occurred while \output is active []

 [8]
Underfull \vbox (badness 10000) has occurred while \output is active []

 [9]
Underfull \vbox (badness 10000) has occurred while \output is active []

 [10]
[11]
Underfull \vbox (badness 10000) has occurred while \output is active []

 [12]
Underfull \vbox (badness 10000) has occurred while \output is active []

 [13]
[14] [15]
Underfull \vbox (badness 10000) has occurred while \output is active []

 [16]
<graphics/Plots_Insample_NoICEWS.pdf, id=376, 614.295pt x 794.97pt>
File: graphics/Plots_Insample_NoICEWS.pdf Graphic file (type pdf)

<use graphics/Plots_Insample_NoICEWS.pdf>
Underfull \vbox (badness 2065) has occurred while \output is active []

 [17]

LaTeX Warning: Text page 18 contains only floats.

[18 <./graphics/Plots_Insample_NoICEWS.pdf>]
<graphics/Plots_Outsample_NoICEWS.pdf, id=402, 614.295pt x 794.97pt>
File: graphics/Plots_Outsample_NoICEWS.pdf Graphic file (type pdf)

<use graphics/Plots_Outsample_NoICEWS.pdf> [19]

LaTeX Warning: Text page 20 contains only floats.

[20 <./graphics/Plots_Outsample_NoICEWS.pdf>] [21]
<graphics/Plots_Insample.pdf, id=434, 614.295pt x 794.97pt>
File: graphics/Plots_Insample.pdf Graphic file (type pdf)

<use graphics/Plots_Insample.pdf>
<graphics/Plots_Outsample.pdf, id=437, 614.295pt x 794.97pt>
File: graphics/Plots_Outsample.pdf Graphic file (type pdf)

<use graphics/Plots_Outsample.pdf>
Underfull \vbox (badness 5374) has occurred while \output is active []

 [22]

LaTeX Warning: Text page 23 contains only floats.

[23 <./graphics/Plots_Insample.pdf>] [24]

LaTeX Warning: Text page 25 contains only floats.

[25 <./graphics/Plots_Outsample.pdf>] (./wardetal_ISA2011_skeleton.bbl
Underfull \vbox (badness 10000) has occurred while \output is active []

 [26]
Underfull \vbox (badness 10000) has occurred while \output is active []

 [27]
Underfull \vbox (badness 10000) has occurred while \output is active []

 [28])
[29]

Package natbib Warning: There were undefined citations.

Package atveryend Info: Empty hook `BeforeClearDocument' on input line 1081.
[30]
Package atveryend Info: Empty hook `AfterLastShipout' on input line 1081.
 (./wardetal_ISA2011_skeleton.aux)
Package atveryend Info: Executing hook `AtVeryEndDocument' on input line 1081.
Package rerunfilecheck Info: File `wardetal_ISA2011_skeleton.out' has not chang
ed.
(rerunfilecheck)             Checksum: DA170008780239CD90953FFAF77DC582;920.
 ) 
Here is how much of TeX's memory you used:
 9007 strings out of 493747
 131912 string characters out of 3143546
 251619 words of memory out of 3000000
 11774 multiletter control sequences out of 15000+200000
 28158 words of font info for 69 fonts, out of 3000000 for 9000
 875 hyphenation exceptions out of 8191
 34i,11n,32p,894b,529s stack positions out of 5000i,500n,10000p,200000b,50000s
{/usr/local/texlive/2010/texmf-dist/fonts/enc/dvips/base/8r.enc}</usr/local/t
exlive/2010/texmf-dist/fonts/type1/public/amsfonts/cm/cmbx12.pfb></usr/local/te
xlive/2010/texmf-dist/fonts/type1/public/amsfonts/cm/cmex10.pfb></usr/local/tex
live/2010/texmf-dist/fonts/type1/public/amsfonts/cm/cmmi10.pfb></usr/local/texl
ive/2010/texmf-dist/fonts/type1/public/amsfonts/cm/cmmi12.pfb></usr/local/texli
ve/2010/texmf-dist/fonts/type1/public/amsfonts/cm/cmmi6.pfb></usr/local/texlive
/2010/texmf-dist/fonts/type1/public/amsfonts/cm/cmmi8.pfb></usr/local/texlive/2
010/texmf-dist/fonts/type1/public/amsfonts/cm/cmr12.pfb></usr/local/texlive/201
0/texmf-dist/fonts/type1/public/amsfonts/cm/cmr8.pfb></usr/local/texlive/2010/t
exmf-dist/fonts/type1/public/amsfonts/cm/cmsy10.pfb></usr/local/texlive/2010/te
xmf-dist/fonts/type1/public/amsfonts/cm/cmsy6.pfb></usr/local/texlive/2010/texm
f-dist/fonts/type1/public/amsfonts/cm/cmsy7.pfb></usr/local/texlive/2010/texmf-
dist/fonts/type1/public/amsfonts/cm/cmsy8.pfb></usr/local/texlive/2010/texmf-di
st/fonts/type1/urw/courier/ucrr8a.pfb></usr/local/texlive/2010/texmf-dist/fonts
/type1/urw/times/utmb8a.pfb></usr/local/texlive/2010/texmf-dist/fonts/type1/urw
/times/utmr8a.pfb></usr/local/texlive/2010/texmf-dist/fonts/type1/urw/times/utm
ri8a.pfb>
Output written on wardetal_ISA2011_skeleton.pdf (30 pages, 1075067 bytes).
PDF statistics:
 595 PDF objects out of 1000 (max. 8388607)
 529 compressed objects within 6 object streams
 127 named destinations out of 1000 (max. 500000)
 125 words of extra memory for PDF output out of 10000 (max. 10000000)

