\BOOKMARK [1][-]{section*.1}{Project Summary}{}% 1
\BOOKMARK [2][-]{section*.2}{Intellectual merit:}{section*.1}% 2
\BOOKMARK [2][-]{section*.3}{Broader impacts:}{section*.1}% 3
\BOOKMARK [1][-]{section*.4}{Project Description}{}% 4
\BOOKMARK [1][-]{section.1}{1. Dynamic forecasting in political science}{}% 5
\BOOKMARK [1][-]{section.2}{2. Ensemble Bayesian model averaging}{}% 6
\BOOKMARK [2][-]{subsection.2.1}{2.1. Mathematical foundation}{section.2}% 7
\BOOKMARK [2][-]{subsection.2.2}{2.2. EBMA for dynamic settings}{section.2}% 8
\BOOKMARK [2][-]{subsection.2.3}{2.3. EBMA for normally-distributed outcomes}{section.2}% 9
\BOOKMARK [2][-]{subsection.2.4}{2.4. The dichotomous outcome model}{section.2}% 10
\BOOKMARK [2][-]{subsection.2.5}{2.5. Parameter estimation by maximum likelihood and EM algorithm}{section.2}% 11
\BOOKMARK [2][-]{subsection.2.6}{2.6. Ensemble prediction}{section.2}% 12
\BOOKMARK [1][-]{section.3}{3. Empirical applications}{}% 13
\BOOKMARK [2][-]{subsection.3.1}{3.1. Application to insurgency forecasting}{section.3}% 14
\BOOKMARK [2][-]{subsection.3.2}{3.2. Application to US presidential election forecasts}{section.3}% 15
\BOOKMARK [2][-]{subsection.3.3}{3.3. Application to Supreme Court Forecasting Project}{section.3}% 16
\BOOKMARK [1][-]{section.4}{4. Proposed research and timeline}{}% 17
\BOOKMARK [1][-]{section.5}{5. Results from Prior NSF Support}{}% 18
\BOOKMARK [2][-]{subsection.5.1}{5.1. NSF Grants Received by Michael D. Ward During Previous 5 Years}{section.5}% 19
\BOOKMARK [2][-]{subsection.5.2}{5.2. NSF Grants Received by Jacob M. Montgomery}{section.5}% 20
\BOOKMARK [1][-]{section*.5}{References}{}% 21
\BOOKMARK [1][-]{section*.6}{Michael D. Ward}{}% 22
\BOOKMARK [2][-]{section*.7}{Professional Preparation}{section*.6}% 23
\BOOKMARK [2][-]{section*.8}{Appointments}{section*.6}% 24
\BOOKMARK [2][-]{section*.9}{Publications}{section*.6}% 25
\BOOKMARK [2][-]{section*.12}{Synergistic Activities}{section*.6}% 26
\BOOKMARK [2][-]{section*.13}{Collaborators}{section*.6}% 27
\BOOKMARK [1][-]{section*.16}{Jacob M. Montgomery}{}% 28
\BOOKMARK [2][-]{section*.17}{Professional Preparation}{section*.16}% 29
\BOOKMARK [2][-]{section*.18}{Appointments}{section*.16}% 30
\BOOKMARK [2][-]{section*.19}{Publications}{section*.16}% 31
\BOOKMARK [2][-]{section*.22}{Synergistic Activities}{section*.16}% 32
\BOOKMARK [2][-]{section*.23}{Collaborators}{section*.16}% 33
\BOOKMARK [1][-]{section*.26}{Data Management Plan}{}% 34
\BOOKMARK [1][-]{section*.27}{Budget Justification \(DUKE\)}{}% 35
\BOOKMARK [1][-]{section*.28}{Budget Justification \(Washington University in St. Louis\)}{}% 36
\BOOKMARK [1][-]{section*.29}{TODO}{}% 37
