This is pdfTeX, Version 3.14159265-2.6-1.40.16 (TeX Live 2015) (preloaded format=pdflatex 2015.5.24)  11 NOV 2016 09:10
entering extended mode
 restricted \write18 enabled.
 %&-line parsing enabled.
**\input EBMASingleSpaced.tex
(./EBMASingleSpaced.tex
(/usr/local/texlive/2015/texmf-dist/tex/latex/base/article.cls
Document Class: article 2014/09/29 v1.4h Standard LaTeX document class
(/usr/local/texlive/2015/texmf-dist/tex/latex/base/size12.clo
File: size12.clo 2014/09/29 v1.4h Standard LaTeX file (size option)
)
\c@part=\count79
\c@section=\count80
\c@subsection=\count81
\c@subsubsection=\count82
\c@paragraph=\count83
\c@subparagraph=\count84
\c@figure=\count85
\c@table=\count86
\abovecaptionskip=\skip41
\belowcaptionskip=\skip42
\bibindent=\dimen102
)
(/usr/local/texlive/2015/texmf-dist/tex/latex/tools/array.sty
Package: array 2014/10/28 v2.4c Tabular extension package (FMi)
\col@sep=\dimen103
\extrarowheight=\dimen104
\NC@list=\toks14
\extratabsurround=\skip43
\backup@length=\skip44
)
(/usr/local/texlive/2015/texmf-dist/tex/latex/amsmath/amsmath.sty
Package: amsmath 2013/01/14 v2.14 AMS math features
\@mathmargin=\skip45

For additional information on amsmath, use the `?' option.
(/usr/local/texlive/2015/texmf-dist/tex/latex/amsmath/amstext.sty
Package: amstext 2000/06/29 v2.01

(/usr/local/texlive/2015/texmf-dist/tex/latex/amsmath/amsgen.sty
File: amsgen.sty 1999/11/30 v2.0
\@emptytoks=\toks15
\ex@=\dimen105
))
(/usr/local/texlive/2015/texmf-dist/tex/latex/amsmath/amsbsy.sty
Package: amsbsy 1999/11/29 v1.2d
\pmbraise@=\dimen106
)
(/usr/local/texlive/2015/texmf-dist/tex/latex/amsmath/amsopn.sty
Package: amsopn 1999/12/14 v2.01 operator names
)
\inf@bad=\count87
LaTeX Info: Redefining \frac on input line 210.
\uproot@=\count88
\leftroot@=\count89
LaTeX Info: Redefining \overline on input line 306.
\classnum@=\count90
\DOTSCASE@=\count91
LaTeX Info: Redefining \ldots on input line 378.
LaTeX Info: Redefining \dots on input line 381.
LaTeX Info: Redefining \cdots on input line 466.
\Mathstrutbox@=\box26
\strutbox@=\box27
\big@size=\dimen107
LaTeX Font Info:    Redeclaring font encoding OML on input line 566.
LaTeX Font Info:    Redeclaring font encoding OMS on input line 567.
\macc@depth=\count92
\c@MaxMatrixCols=\count93
\dotsspace@=\muskip10
\c@parentequation=\count94
\dspbrk@lvl=\count95
\tag@help=\toks16
\row@=\count96
\column@=\count97
\maxfields@=\count98
\andhelp@=\toks17
\eqnshift@=\dimen108
\alignsep@=\dimen109
\tagshift@=\dimen110
\tagwidth@=\dimen111
\totwidth@=\dimen112
\lineht@=\dimen113
\@envbody=\toks18
\multlinegap=\skip46
\multlinetaggap=\skip47
\mathdisplay@stack=\toks19
LaTeX Info: Redefining \[ on input line 2665.
LaTeX Info: Redefining \] on input line 2666.
)
(/usr/local/texlive/2015/texmf-dist/tex/latex/psfrag/psfrag.sty
Package: psfrag 1998/04/11 v3.04 PSfrag (MCG)

(/usr/local/texlive/2015/texmf-dist/tex/latex/graphics/graphics.sty
Package: graphics 2014/10/28 v1.0p Standard LaTeX Graphics (DPC,SPQR)

(/usr/local/texlive/2015/texmf-dist/tex/latex/graphics/trig.sty
Package: trig 1999/03/16 v1.09 sin cos tan (DPC)
)
(/usr/local/texlive/2015/texmf-dist/tex/latex/latexconfig/graphics.cfg
File: graphics.cfg 2010/04/23 v1.9 graphics configuration of TeX Live
)
Package graphics Info: Driver file: pdftex.def on input line 94.

(/usr/local/texlive/2015/texmf-dist/tex/latex/pdftex-def/pdftex.def
File: pdftex.def 2011/05/27 v0.06d Graphics/color for pdfTeX

(/usr/local/texlive/2015/texmf-dist/tex/generic/oberdiek/infwarerr.sty
Package: infwarerr 2010/04/08 v1.3 Providing info/warning/error messages (HO)
)
(/usr/local/texlive/2015/texmf-dist/tex/generic/oberdiek/ltxcmds.sty
Package: ltxcmds 2011/11/09 v1.22 LaTeX kernel commands for general use (HO)
)
\Gread@gobject=\count99
))
\pfg@pcount=\count100
\pfg@scount=\count101
\pfg@temp=\write3
)
(/usr/local/texlive/2015/texmf-dist/tex/latex/amsfonts/amssymb.sty
Package: amssymb 2013/01/14 v3.01 AMS font symbols

(/usr/local/texlive/2015/texmf-dist/tex/latex/amsfonts/amsfonts.sty
Package: amsfonts 2013/01/14 v3.01 Basic AMSFonts support
\symAMSa=\mathgroup4
\symAMSb=\mathgroup5
LaTeX Font Info:    Overwriting math alphabet `\mathfrak' in version `bold'
(Font)                  U/euf/m/n --> U/euf/b/n on input line 106.
))
(/usr/local/texlive/2015/texmf-dist/tex/latex/subfigure/subfigure.sty
Package: subfigure 2002/03/15 v2.1.5 subfigure package
\subfigtopskip=\skip48
\subfigcapskip=\skip49
\subfigcaptopadj=\dimen114
\subfigbottomskip=\skip50
\subfigcapmargin=\dimen115
\subfiglabelskip=\skip51
\c@subfigure=\count102
\c@lofdepth=\count103
\c@subtable=\count104
\c@lotdepth=\count105

****************************************
* Local config file subfigure.cfg used *
****************************************
(/usr/local/texlive/2015/texmf-dist/tex/latex/subfigure/subfigure.cfg)
\subfig@top=\skip52
\subfig@bottom=\skip53
)
(/usr/local/texlive/2015/texmf-dist/tex/latex/tools/tabularx.sty
Package: tabularx 2014/10/28 v2.10 `tabularx' package (DPC)
\TX@col@width=\dimen116
\TX@old@table=\dimen117
\TX@old@col=\dimen118
\TX@target=\dimen119
\TX@delta=\dimen120
\TX@cols=\count106
\TX@ftn=\toks20
)
(/usr/local/texlive/2015/texmf-dist/tex/latex/hyperref/hyperref.sty
Package: hyperref 2012/11/06 v6.83m Hypertext links for LaTeX

(/usr/local/texlive/2015/texmf-dist/tex/generic/oberdiek/hobsub-hyperref.sty
Package: hobsub-hyperref 2012/05/28 v1.13 Bundle oberdiek, subset hyperref (HO)


(/usr/local/texlive/2015/texmf-dist/tex/generic/oberdiek/hobsub-generic.sty
Package: hobsub-generic 2012/05/28 v1.13 Bundle oberdiek, subset generic (HO)
Package: hobsub 2012/05/28 v1.13 Construct package bundles (HO)
Package hobsub Info: Skipping package `infwarerr' (already loaded).
Package hobsub Info: Skipping package `ltxcmds' (already loaded).
Package: ifluatex 2010/03/01 v1.3 Provides the ifluatex switch (HO)
Package ifluatex Info: LuaTeX not detected.
Package: ifvtex 2010/03/01 v1.5 Detect VTeX and its facilities (HO)
Package ifvtex Info: VTeX not detected.
Package: intcalc 2007/09/27 v1.1 Expandable calculations with integers (HO)
Package: ifpdf 2011/01/30 v2.3 Provides the ifpdf switch (HO)
Package ifpdf Info: pdfTeX in PDF mode is detected.
Package: etexcmds 2011/02/16 v1.5 Avoid name clashes with e-TeX commands (HO)
Package etexcmds Info: Could not find \expanded.
(etexcmds)             That can mean that you are not using pdfTeX 1.50 or
(etexcmds)             that some package has redefined \expanded.
(etexcmds)             In the latter case, load this package earlier.
Package: kvsetkeys 2012/04/25 v1.16 Key value parser (HO)
Package: kvdefinekeys 2011/04/07 v1.3 Define keys (HO)
Package: pdftexcmds 2011/11/29 v0.20 Utility functions of pdfTeX for LuaTeX (HO
)
Package pdftexcmds Info: LuaTeX not detected.
Package pdftexcmds Info: \pdf@primitive is available.
Package pdftexcmds Info: \pdf@ifprimitive is available.
Package pdftexcmds Info: \pdfdraftmode found.
Package: pdfescape 2011/11/25 v1.13 Implements pdfTeX's escape features (HO)
Package: bigintcalc 2012/04/08 v1.3 Expandable calculations on big integers (HO
)
Package: bitset 2011/01/30 v1.1 Handle bit-vector datatype (HO)
Package: uniquecounter 2011/01/30 v1.2 Provide unlimited unique counter (HO)
)
Package hobsub Info: Skipping package `hobsub' (already loaded).
Package: letltxmacro 2010/09/02 v1.4 Let assignment for LaTeX macros (HO)
Package: hopatch 2012/05/28 v1.2 Wrapper for package hooks (HO)
Package: xcolor-patch 2011/01/30 xcolor patch
Package: atveryend 2011/06/30 v1.8 Hooks at the very end of document (HO)
Package atveryend Info: \enddocument detected (standard20110627).
Package: atbegshi 2011/10/05 v1.16 At begin shipout hook (HO)
Package: refcount 2011/10/16 v3.4 Data extraction from label references (HO)
Package: hycolor 2011/01/30 v1.7 Color options for hyperref/bookmark (HO)
)
(/usr/local/texlive/2015/texmf-dist/tex/latex/graphics/keyval.sty
Package: keyval 2014/10/28 v1.15 key=value parser (DPC)
\KV@toks@=\toks21
)
(/usr/local/texlive/2015/texmf-dist/tex/generic/ifxetex/ifxetex.sty
Package: ifxetex 2010/09/12 v0.6 Provides ifxetex conditional
)
(/usr/local/texlive/2015/texmf-dist/tex/latex/oberdiek/auxhook.sty
Package: auxhook 2011/03/04 v1.3 Hooks for auxiliary files (HO)
)
(/usr/local/texlive/2015/texmf-dist/tex/latex/oberdiek/kvoptions.sty
Package: kvoptions 2011/06/30 v3.11 Key value format for package options (HO)
)
\@linkdim=\dimen121
\Hy@linkcounter=\count107
\Hy@pagecounter=\count108

(/usr/local/texlive/2015/texmf-dist/tex/latex/hyperref/pd1enc.def
File: pd1enc.def 2012/11/06 v6.83m Hyperref: PDFDocEncoding definition (HO)
)
\Hy@SavedSpaceFactor=\count109

(/usr/local/texlive/2015/texmf-dist/tex/latex/latexconfig/hyperref.cfg
File: hyperref.cfg 2002/06/06 v1.2 hyperref configuration of TeXLive
)
Package hyperref Info: Hyper figures OFF on input line 4443.
Package hyperref Info: Link nesting OFF on input line 4448.
Package hyperref Info: Hyper index ON on input line 4451.
Package hyperref Info: Plain pages OFF on input line 4458.
Package hyperref Info: Backreferencing OFF on input line 4463.
Package hyperref Info: Implicit mode ON; LaTeX internals redefined.
Package hyperref Info: Bookmarks ON on input line 4688.
\c@Hy@tempcnt=\count110

(/usr/local/texlive/2015/texmf-dist/tex/latex/url/url.sty
\Urlmuskip=\muskip11
Package: url 2013/09/16  ver 3.4  Verb mode for urls, etc.
)
LaTeX Info: Redefining \url on input line 5041.
\XeTeXLinkMargin=\dimen122
\Fld@menulength=\count111
\Field@Width=\dimen123
\Fld@charsize=\dimen124
Package hyperref Info: Hyper figures OFF on input line 6295.
Package hyperref Info: Link nesting OFF on input line 6300.
Package hyperref Info: Hyper index ON on input line 6303.
Package hyperref Info: backreferencing OFF on input line 6310.
Package hyperref Info: Link coloring OFF on input line 6315.
Package hyperref Info: Link coloring with OCG OFF on input line 6320.
Package hyperref Info: PDF/A mode OFF on input line 6325.
LaTeX Info: Redefining \ref on input line 6365.
LaTeX Info: Redefining \pageref on input line 6369.
\Hy@abspage=\count112
\c@Item=\count113
\c@Hfootnote=\count114
)

Package hyperref Message: Driver (autodetected): hpdftex.

(/usr/local/texlive/2015/texmf-dist/tex/latex/hyperref/hpdftex.def
File: hpdftex.def 2012/11/06 v6.83m Hyperref driver for pdfTeX
\Fld@listcount=\count115
\c@bookmark@seq@number=\count116

(/usr/local/texlive/2015/texmf-dist/tex/latex/oberdiek/rerunfilecheck.sty
Package: rerunfilecheck 2011/04/15 v1.7 Rerun checks for auxiliary files (HO)
Package uniquecounter Info: New unique counter `rerunfilecheck' on input line 2
82.
)
\Hy@SectionHShift=\skip54
)
(/usr/local/texlive/2015/texmf-dist/tex/latex/tools/multicol.sty
Package: multicol 2015/03/31 v1.8m multicolumn formatting (FMi)
\c@tracingmulticols=\count117
\mult@box=\box28
\multicol@leftmargin=\dimen125
\c@unbalance=\count118
\c@collectmore=\count119
\doublecol@number=\count120
\multicoltolerance=\count121
\multicolpretolerance=\count122
\full@width=\dimen126
\page@free=\dimen127
\premulticols=\dimen128
\postmulticols=\dimen129
\multicolsep=\skip55
\multicolbaselineskip=\skip56
\partial@page=\box29
\last@line=\box30
\maxbalancingoverflow=\dimen130
\mult@rightbox=\box31
\mult@grightbox=\box32
\mult@gfirstbox=\box33
\mult@firstbox=\box34
\@tempa=\box35
\@tempa=\box36
\@tempa=\box37
\@tempa=\box38
\@tempa=\box39
\@tempa=\box40
\@tempa=\box41
\@tempa=\box42
\@tempa=\box43
\@tempa=\box44
\@tempa=\box45
\@tempa=\box46
\@tempa=\box47
\@tempa=\box48
\@tempa=\box49
\@tempa=\box50
\@tempa=\box51
\c@columnbadness=\count123
\c@finalcolumnbadness=\count124
\last@try=\dimen131
\multicolovershoot=\dimen132
\multicolundershoot=\dimen133
\mult@nat@firstbox=\box52
\colbreak@box=\box53
\mc@col@check@num=\count125
) (./pa.sty)
(/usr/local/texlive/2015/texmf-dist/tex/latex/booktabs/booktabs.sty
Package: booktabs 2005/04/14 v1.61803 publication quality tables
\heavyrulewidth=\dimen134
\lightrulewidth=\dimen135
\cmidrulewidth=\dimen136
\belowrulesep=\dimen137
\belowbottomsep=\dimen138
\aboverulesep=\dimen139
\abovetopsep=\dimen140
\cmidrulesep=\dimen141
\cmidrulekern=\dimen142
\defaultaddspace=\dimen143
\@cmidla=\count126
\@cmidlb=\count127
\@aboverulesep=\dimen144
\@belowrulesep=\dimen145
\@thisruleclass=\count128
\@lastruleclass=\count129
\@thisrulewidth=\dimen146
)
(/usr/local/texlive/2015/texmf-dist/tex/latex/graphics/color.sty
Package: color 2014/10/28 v1.1a Standard LaTeX Color (DPC)

(/usr/local/texlive/2015/texmf-dist/tex/latex/latexconfig/color.cfg
File: color.cfg 2007/01/18 v1.5 color configuration of teTeX/TeXLive
)
Package color Info: Driver file: pdftex.def on input line 142.
)
(/usr/local/texlive/2015/texmf-dist/tex/latex/datetime/datetime.sty
Package: datetime 2015/03/20 v2.60 Date Time Package

(/usr/local/texlive/2015/texmf-dist/tex/latex/etoolbox/etoolbox.sty
Package: etoolbox 2015/05/04 v2.2 e-TeX tools for LaTeX (JAW)
\etb@tempcnta=\count130
)
(/usr/local/texlive/2015/texmf-dist/tex/latex/fmtcount/fmtcount.sty
Package: fmtcount 2015/05/05 v3.01

(/usr/local/texlive/2015/texmf-dist/tex/latex/base/ifthen.sty
Package: ifthen 2014/09/29 v1.1c Standard LaTeX ifthen package (DPC)
)
(/usr/local/texlive/2015/texmf-dist/tex/latex/xkeyval/xkeyval.sty
Package: xkeyval 2014/12/03 v2.7a package option processing (HA)

(/usr/local/texlive/2015/texmf-dist/tex/generic/xkeyval/xkeyval.tex
(/usr/local/texlive/2015/texmf-dist/tex/generic/xkeyval/xkvutils.tex
\XKV@toks=\toks22
\XKV@tempa@toks=\toks23
)
\XKV@depth=\count131
File: xkeyval.tex 2014/12/03 v2.7a key=value parser (HA)
))
(/usr/local/texlive/2015/texmf-dist/tex/latex/fmtcount/fcprefix.sty
Package: fcprefix 2012/09/28

(/usr/local/texlive/2015/texmf-dist/tex/latex/fmtcount/fcnumparser.sty
Package: fcnumparser 2012/09/28
\fc@digit@counter=\count132
))
\c@padzeroesN=\count133
\fc@tmpcatcode=\count134
\@DT@modctr=\count135
\@ordinalctr=\count136
\@orgargctr=\count137
\@strctr=\count138
\@tmpstrctr=\count139
\@DT@loopN=\count140
\@DT@X=\count141

(/usr/local/texlive/2015/texmf-dist/tex/latex/fmtcount/fc-english.def
File: fc-english.def 2013/08/17
))
(/usr/local/texlive/2015/texmf-dist/tex/latex/datetime/datetime-defaults.sty
Package: datetime-defaults 2013/09/10
)
\@day=\count142
\@month=\count143
\@year=\count144
\c@HOUR=\count145
\c@HOURXII=\count146
\c@MINUTE=\count147
\c@TOHOUR=\count148
\c@TOMINUTE=\count149
\c@SECOND=\count150
\currenthour=\count151
\currentminute=\count152
\currentsecond=\count153
Package datetime Info: No datetime.cfg file found, using default settings on in
put line 308.
\@dtctr=\count154
\dayofyear=\count155
\dayofweek=\count156
LaTeX Info: Redefining \today on input line 736.
\dt@a=\toks24
\dt@b=\toks25
)
(/usr/local/texlive/2015/texmf-dist/tex/latex/tools/dcolumn.sty
Package: dcolumn 2014/10/28 v1.06 decimal alignment package (DPC)
)
(/usr/local/texlive/2015/texmf-dist/tex/latex/wrapfig/wrapfig.sty
\wrapoverhang=\dimen147
\WF@size=\dimen148
\c@WF@wrappedlines=\count157
\WF@box=\box54
\WF@everypar=\toks26
Package: wrapfig 2003/01/31  v 3.6
)
(/usr/local/texlive/2015/texmf-dist/tex/latex/setspace/setspace.sty
Package: setspace 2011/12/19 v6.7a set line spacing
)
(/usr/local/texlive/2015/texmf-dist/tex/generic/babel/babel.sty
Package: babel 2014/09/25 3.9l The Babel package

(/usr/local/texlive/2015/texmf-dist/tex/generic/babel-english/english.ldf
Language: english 2012/08/20 v3.3p English support from the babel system

(/usr/local/texlive/2015/texmf-dist/tex/generic/babel/babel.def
File: babel.def 2014/09/25 3.9l Babel common definitions
\babel@savecnt=\count158
\U@D=\dimen149
)
\l@canadian = a dialect from \language\l@american 
\l@australian = a dialect from \language\l@british 
\l@newzealand = a dialect from \language\l@british 
))
(/usr/local/texlive/2015/texmf-dist/tex/latex/psnfss/times.sty
Package: times 2005/04/12 PSNFSS-v9.2a (SPQR) 
)
(/usr/local/texlive/2015/texmf-dist/tex/latex/multirow/multirow.sty
\bigstrutjot=\dimen150
)
(/usr/local/texlive/2015/texmf-dist/tex/latex/graphics/graphicx.sty
Package: graphicx 2014/10/28 v1.0g Enhanced LaTeX Graphics (DPC,SPQR)
\Gin@req@height=\dimen151
\Gin@req@width=\dimen152
)
(/usr/local/texlive/2015/texmf-dist/tex/latex/graphics/lscape.sty
Package: lscape 2000/10/22 v3.01 Landscape Pages (DPC)
)
(/usr/local/texlive/2015/texmf-dist/tex/latex/geometry/geometry.sty
Package: geometry 2010/09/12 v5.6 Page Geometry
\Gm@cnth=\count159
\Gm@cntv=\count160
\c@Gm@tempcnt=\count161
\Gm@bindingoffset=\dimen153
\Gm@wd@mp=\dimen154
\Gm@odd@mp=\dimen155
\Gm@even@mp=\dimen156
\Gm@layoutwidth=\dimen157
\Gm@layoutheight=\dimen158
\Gm@layouthoffset=\dimen159
\Gm@layoutvoffset=\dimen160
\Gm@dimlist=\toks27
)
(/usr/local/texlive/2015/texmf-dist/tex/latex/natbib/natbib.sty
Package: natbib 2010/09/13 8.31b (PWD, AO)
\bibhang=\skip57
\bibsep=\skip58
LaTeX Info: Redefining \cite on input line 694.
\c@NAT@ctr=\count162
)

LaTeX Warning: Unused global option(s):
    [fullpage].

No file EBMASingleSpaced.aux.
\openout1 = `EBMASingleSpaced.aux'.

LaTeX Font Info:    Checking defaults for OML/cmm/m/it on input line 84.
LaTeX Font Info:    ... okay on input line 84.
LaTeX Font Info:    Checking defaults for T1/cmr/m/n on input line 84.
LaTeX Font Info:    ... okay on input line 84.
LaTeX Font Info:    Checking defaults for OT1/cmr/m/n on input line 84.
LaTeX Font Info:    ... okay on input line 84.
LaTeX Font Info:    Checking defaults for OMS/cmsy/m/n on input line 84.
LaTeX Font Info:    ... okay on input line 84.
LaTeX Font Info:    Checking defaults for OMX/cmex/m/n on input line 84.
LaTeX Font Info:    ... okay on input line 84.
LaTeX Font Info:    Checking defaults for U/cmr/m/n on input line 84.
LaTeX Font Info:    ... okay on input line 84.
LaTeX Font Info:    Checking defaults for PD1/pdf/m/n on input line 84.
LaTeX Font Info:    ... okay on input line 84.
LaTeX Font Info:    Try loading font information for OT1+ptm on input line 84.
(/usr/local/texlive/2015/texmf-dist/tex/latex/psnfss/ot1ptm.fd
File: ot1ptm.fd 2001/06/04 font definitions for OT1/ptm.
)
(/usr/local/texlive/2015/texmf-dist/tex/context/base/supp-pdf.mkii
[Loading MPS to PDF converter (version 2006.09.02).]
\scratchcounter=\count163
\scratchdimen=\dimen161
\scratchbox=\box55
\nofMPsegments=\count164
\nofMParguments=\count165
\everyMPshowfont=\toks28
\MPscratchCnt=\count166
\MPscratchDim=\dimen162
\MPnumerator=\count167
\makeMPintoPDFobject=\count168
\everyMPtoPDFconversion=\toks29
) (/usr/local/texlive/2015/texmf-dist/tex/latex/oberdiek/epstopdf-base.sty
Package: epstopdf-base 2010/02/09 v2.5 Base part for package epstopdf

(/usr/local/texlive/2015/texmf-dist/tex/latex/oberdiek/grfext.sty
Package: grfext 2010/08/19 v1.1 Manage graphics extensions (HO)
)
Package grfext Info: Graphics extension search list:
(grfext)             [.png,.pdf,.jpg,.mps,.jpeg,.jbig2,.jb2,.PNG,.PDF,.JPG,.JPE
G,.JBIG2,.JB2,.eps]
(grfext)             \AppendGraphicsExtensions on input line 452.

(/usr/local/texlive/2015/texmf-dist/tex/latex/latexconfig/epstopdf-sys.cfg
File: epstopdf-sys.cfg 2010/07/13 v1.3 Configuration of (r)epstopdf for TeX Liv
e
))
\AtBeginShipoutBox=\box56
Package hyperref Info: Link coloring OFF on input line 84.

(/usr/local/texlive/2015/texmf-dist/tex/latex/hyperref/nameref.sty
Package: nameref 2012/10/27 v2.43 Cross-referencing by name of section

(/usr/local/texlive/2015/texmf-dist/tex/generic/oberdiek/gettitlestring.sty
Package: gettitlestring 2010/12/03 v1.4 Cleanup title references (HO)
)
\c@section@level=\count169
)
LaTeX Info: Redefining \ref on input line 84.
LaTeX Info: Redefining \pageref on input line 84.
LaTeX Info: Redefining \nameref on input line 84.
\@outlinefile=\write4
\openout4 = `EBMASingleSpaced.out'.


*geometry* driver: auto-detecting
*geometry* detected driver: pdftex
*geometry* verbose mode - [ preamble ] result:
* driver: pdftex
* paper: <default>
* layout: <same size as paper>
* layoutoffset:(h,v)=(0.0pt,0.0pt)
* modes: 
* h-part:(L,W,R)=(72.26999pt, 469.75502pt, 72.26999pt)
* v-part:(T,H,B)=(72.26999pt, 650.43001pt, 72.26999pt)
* \paperwidth=614.295pt
* \paperheight=794.96999pt
* \textwidth=469.75502pt
* \textheight=650.43001pt
* \oddsidemargin=0.0pt
* \evensidemargin=0.0pt
* \topmargin=-37.0pt
* \headheight=12.0pt
* \headsep=25.0pt
* \topskip=12.0pt
* \footskip=30.0pt
* \marginparwidth=44.0pt
* \marginparsep=10.0pt
* \columnsep=10.0pt
* \skip\footins=10.8pt plus 4.0pt minus 2.0pt
* \hoffset=0.0pt
* \voffset=0.0pt
* \mag=1000
* \@twocolumnfalse
* \@twosidefalse
* \@mparswitchfalse
* \@reversemarginfalse
* (1in=72.27pt=25.4mm, 1cm=28.453pt)

LaTeX Font Info:    Try loading font information for U+msa on input line 87.
(/usr/local/texlive/2015/texmf-dist/tex/latex/amsfonts/umsa.fd
File: umsa.fd 2013/01/14 v3.01 AMS symbols A
)
LaTeX Font Info:    Try loading font information for U+msb on input line 87.

(/usr/local/texlive/2015/texmf-dist/tex/latex/amsfonts/umsb.fd
File: umsb.fd 2013/01/14 v3.01 AMS symbols B
)
LaTeX Font Info:    Try loading font information for OMS+ptm on input line 87.

(/usr/local/texlive/2015/texmf-dist/tex/latex/psnfss/omsptm.fd
File: omsptm.fd 
)
LaTeX Font Info:    Font shape `OMS/ptm/m/n' in size <14.4> not available
(Font)              Font shape `OMS/cmsy/m/n' tried instead on input line 87.
LaTeX Font Info:    Font shape `OMS/ptm/m/n' in size <7> not available
(Font)              Font shape `OMS/cmsy/m/n' tried instead on input line 87.
 [1
Non-PDF special ignored!

{/usr/local/texlive/2015/texmf-var/fonts/map/pdftex/updmap/pdftex.map}] (./EBMA
SubmissionABSTRACT.tex) (./EBMASubmissionBody.tex
LaTeX Font Info:    Font shape `OT1/ptm/bx/n' in size <12> not available
(Font)              Font shape `OT1/ptm/b/n' tried instead on input line 52.


Package natbib Warning: Citation `Hildebrand:etal:1976' on page 1 undefined on 
input line 52.


Package natbib Warning: Citation `brandt:freeman:schrodt:2011' on page 1 undefi
ned on input line 57.

pdfTeX warning (ext4): destination with the same identifier (name{page.1}) has 
been already used, duplicate ignored
<to be read again> 
                   \relax 
l.60 
      [1

]

Package natbib Warning: Citation `Andriole:Young:1977' on page 2 undefined on i
nput line 64.


Package natbib Warning: Citation `Choucri:Robinson:1978' undefined on input lin
e 65.


Package natbib Warning: Citation `Freeman:Job:1979' on page 2 undefined on inpu
t line 70.


Package natbib Warning: Citation `Singer:Wallace:1979' on page 2 undefined on i
nput line 71.


Package natbib Warning: Citation `Vincent:1980' on page 2 undefined on input li
ne 71.


Package natbib Warning: Citation `Gurr:Lichbach:1986' on page 2 undefined on in
put line 73.

LaTeX Font Info:    Font shape `OT1/ptm/bx/n' in size <10> not available
(Font)              Font shape `OT1/ptm/b/n' tried instead on input line 87.

Package natbib Warning: Citation `Krause:1997' on page 2 undefined on input lin
e 87.


Package natbib Warning: Citation `Davies:Gurr:1998' on page 2 undefined on inpu
t line 87.


Package natbib Warning: Citation `Pevehouse:Goldstein:1999' on page 2 undefined
 on input line 87.


Package natbib Warning: Citation `Schrodt:Gerner:2000' on page 2 undefined on i
nput line 87.


Package natbib Warning: Citation `King:Zeng:2001' on page 2 undefined on input 
line 87.


Package natbib Warning: Citation `OBrien:2002' on page 2 undefined on input lin
e 87.


Package natbib Warning: Citation `BDM:2002' on page 2 undefined on input line 8
7.


Package natbib Warning: Citation `Fearon:Laitin:2003' on page 2 undefined on in
put line 87.


Package natbib Warning: Citation `Demarchi:etal:2004' on page 2 undefined on in
put line 87.


Package natbib Warning: Citation `Enders:Sandler:2005' on page 2 undefined on i
nput line 87.


Package natbib Warning: Citation `Leblang:Satyanath:2006' on page 2 undefined o
n input line 87.


Package natbib Warning: Citation `Ward:etal:2007' on page 2 undefined on input 
line 87.


Package natbib Warning: Citation `Brandt:etal:2008' on page 2 undefined on inpu
t line 87.


Package natbib Warning: Citation `Bennett:Stam:2009' on page 2 undefined on inp
ut line 87.


Package natbib Warning: Citation `Gleditsch:Ward:2010' on page 2 undefined on i
nput line 87.


Package natbib Warning: Citation `Feder:2002' on page 2 undefined on input line
 87.


Package natbib Warning: Citation `OBrien:2010' on page 2 undefined on input lin
e 87.


Package natbib Warning: Citation `Schneider_etal_2011' on page 2 undefined on i
nput line 91.


Package natbib Warning: Citation `Mesquita_2011' on page 2 undefined on input l
ine 91.


Package natbib Warning: Citation `Brandt_etal_2011' on page 2 undefined on inpu
t line 91.


Package natbib Warning: Citation `wgb:2010' on page 2 undefined on input line 9
1.


Package natbib Warning: Citation `Greenhill:2011' on page 2 undefined on input 
line 93.


Package natbib Warning: Citation `Pool:1964' on page 2 undefined on input line 
102.


Package natbib Warning: Citation `Rosenstone:1983' on page 2 undefined on input
 line 107.


Package natbib Warning: Citation `Campbell:1990' on page 2 undefined on input l
ine 119.


Package natbib Warning: Citation `Campbell:1992' on page 2 undefined on input l
ine 119.


Package natbib Warning: Citation `Fair:1978' on page 2 undefined on input line 
121.


Package natbib Warning: Citation `Jerome:1999' on page 2 undefined on input lin
e 124.


Package natbib Warning: Citation `Whitely:2005' on page 2 undefined on input li
ne 126.


Package natbib Warning: Citation `Lewis-Beck:2005' on page 2 undefined on input
 line 128.


Package natbib Warning: Citation `Graefe:2010' on page 2 undefined on input lin
e 134.


Package natbib Warning: Citation `gelman:forecasts' on page 2 undefined on inpu
t line 136.


Package natbib Warning: Citation `Bates:1969' on page 2 undefined on input line
 158.


Package natbib Warning: Citation `Armstrong:2001' on page 2 undefined on input 
line 158.


Package natbib Warning: Citation `Raftery:2005' on page 2 undefined on input li
ne 158.


Package natbib Warning: Citation `Dawid:1982' on page 2 undefined on input line
 160.


Package natbib Warning: Citation `Dawid:1984' on page 2 undefined on input line
 160.

[2]

Package natbib Warning: Citation `Hastie:2009' on page 3 undefined on input lin
e 176.


Package natbib Warning: Citation `Page:2007' on page 3 undefined on input line 
182.


Package natbib Warning: Citation `Page:2008' on page 3 undefined on input line 
182.


Package natbib Warning: Citation `Page:2011' on page 3 undefined on input line 
182.


Package natbib Warning: Citation `berg:2008' on page 3 undefined on input line 
190.


Package natbib Warning: Citation `Raftery:2005' on page 3 undefined on input li
ne 216.


Package natbib Warning: Citation `Raftery:2005' on page 3 undefined on input li
ne 222.


Package natbib Warning: Citation `Wright:2009' on page 3 undefined on input lin
e 233.


Package natbib Warning: Citation `Koop:2010' on page 3 undefined on input line 
233.


Package natbib Warning: Citation `Gneiting:2010' on page 3 undefined on input l
ine 233.


Package natbib Warning: Citation `Billio:2011' on page 3 undefined on input lin
e 234.


Package natbib Warning: Citation `Brock:2007' on page 3 undefined on input line
 235.


Package natbib Warning: Citation `Billio:2010' on page 3 undefined on input lin
e 235.


Package natbib Warning: Citation `Wright:2008' on page 3 undefined on input lin
e 235.


Package natbib Warning: Citation `Feldkircher:2010' on page 3 undefined on inpu
t line 236.


Package natbib Warning: Citation `Berrocal:2010' on page 3 undefined on input l
ine 237.


Package natbib Warning: Citation `Chmielecki:2010' on page 3 undefined on input
 line 237.


Package natbib Warning: Citation `Viney:2009' on page 3 undefined on input line
 238.


Package natbib Warning: Citation `Min:2006' on page 3 undefined on input line 2
39.


Package natbib Warning: Citation `Min:2007' on page 3 undefined on input line 2
39.


Package natbib Warning: Citation `Smith:2009' on page 3 undefined on input line
 239.


Package natbib Warning: Citation `Zhang:2009' on page 3 undefined on input line
 239.


Package natbib Warning: Citation `Fraley:2010' on page 3 undefined on input lin
e 241.


Package natbib Warning: Citation `Mccandless:2011' on page 3 undefined on input
 line 241.


Package natbib Warning: Citation `Vrugt:2006' on page 3 undefined on input line
 242.

[3]

Package natbib Warning: Citation `Hastie:2009' on page 4 undefined on input lin
e 318.

[4]

Package natbib Warning: Citation `Madigan:1994' on page 5 undefined on input li
ne 326.


Package natbib Warning: Citation `Draper:1995' on page 5 undefined on input lin
e 326.


Package natbib Warning: Citation `Raftery:1995' on page 5 undefined on input li
ne 326.


Package natbib Warning: Citation `Hoeting:1999' on page 5 undefined on input li
ne 326.


Package natbib Warning: Citation `Clyde:2003' on page 5 undefined on input line
 326.


Package natbib Warning: Citation `Raftery:2003' on page 5 undefined on input li
ne 326.


Package natbib Warning: Citation `Clyde:2004' on page 5 undefined on input line
 326.


Package natbib Warning: Citation `Bartels:1997' on page 5 undefined on input li
ne 328.


Package natbib Warning: Citation `Bartels:2001' on page 5 undefined on input li
ne 331.


Package natbib Warning: Citation `Gill:2004' on page 5 undefined on input line 
331.


Package natbib Warning: Citation `Imai:2004' on page 5 undefined on input line 
331.


Package natbib Warning: Citation `Geer:2006b' on page 5 undefined on input line
 331.


Package natbib Warning: Citation `Montgomery:2010c' on page 5 undefined on inpu
t line 331.


LaTeX Font Warning: Command \small invalid in math mode on input line 345.

LaTeX Font Info:    Calculating math sizes for size <> on input line 347.

LaTeX Font Warning: Font shape `OT1/cmr/m/n' in size <> not available
(Font)              size <5> substituted on input line 347.


LaTeX Font Warning: Font shape `OT1/cmr/m/n' in size <0.7> not available
(Font)              size <5> substituted on input line 347.


LaTeX Font Warning: Font shape `OT1/cmr/m/n' in size <0.5> not available
(Font)              size <5> substituted on input line 347.


LaTeX Font Warning: Font shape `OML/cmm/m/it' in size <> not available
(Font)              size <5> substituted on input line 347.


LaTeX Font Warning: Font shape `OML/cmm/m/it' in size <0.7> not available
(Font)              size <5> substituted on input line 347.


LaTeX Font Warning: Font shape `OML/cmm/m/it' in size <0.5> not available
(Font)              size <5> substituted on input line 347.


LaTeX Font Warning: Font shape `OMS/cmsy/m/n' in size <> not available
(Font)              size <5> substituted on input line 347.


LaTeX Font Warning: Font shape `OMS/cmsy/m/n' in size <0.7> not available
(Font)              size <5> substituted on input line 347.


LaTeX Font Warning: Font shape `OMS/cmsy/m/n' in size <0.5> not available
(Font)              size <5> substituted on input line 347.


LaTeX Font Warning: Font shape `OT1/cmr/bx/n' in size <> not available
(Font)              size <5> substituted on input line 347.


LaTeX Font Warning: Font shape `OT1/cmr/bx/n' in size <0.7> not available
(Font)              size <5> substituted on input line 347.


LaTeX Font Warning: Font shape `OT1/cmr/bx/n' in size <0.5> not available
(Font)              size <5> substituted on input line 347.


LaTeX Font Warning: Command \small invalid in math mode on input line 351.


LaTeX Warning: Reference `BMA-pdf' on page 5 undefined on input line 354.


Package natbib Warning: Citation `Sloughter:2007' on page 5 undefined on input 
line 387.

[5]

LaTeX Font Warning: Command \small invalid in math mode on input line 404.


LaTeX Font Warning: Command \small invalid in math mode on input line 420.


Package natbib Warning: Citation `Raftery:2005' on page 6 undefined on input li
ne 431.


Package natbib Warning: Citation `Raftery:2005' on page 6 undefined on input li
ne 437.


LaTeX Warning: Reference `BMA-eq' on page 6 undefined on input line 440.


LaTeX Warning: Reference `BMA-eq2' on page 6 undefined on input line 440.


LaTeX Font Warning: Command \small invalid in math mode on input line 441.


LaTeX Font Warning: Command \small invalid in math mode on input line 446.

[6]
LaTeX Font Info:    Try loading font information for OT1+pcr on input line 496.

 (/usr/local/texlive/2015/texmf-dist/tex/latex/psnfss/ot1pcr.fd
File: ot1pcr.fd 2001/06/04 font definitions for OT1/pcr.
) [7]
LaTeX Font Info:    Font shape `OMS/ptm/m/n' in size <12> not available
(Font)              Font shape `OMS/cmsy/m/n' tried instead on input line 542.


Package natbib Warning: Citation `PolityIV' on page 8 undefined on input line 5
55.


LaTeX Warning: Reference `InSam1' on page 8 undefined on input line 580.


LaTeX Warning: Reference `one' on page 8 undefined on input line 588.


LaTeX Warning: Reference `InSam1' on page 8 undefined on input line 589.


Package natbib Warning: Citation `King:Zeng:2001' on page 8 undefined on input 
line 594.


LaTeX Warning: Reference `InSam1' on page 8 undefined on input line 596.


Underfull \hbox (badness 10000) in paragraph at lines 596--596
\OT1/ptm/b/n/12 about
 []


Package natbib Warning: Citation `Brier:1950' on page 8 undefined on input line
 606.


LaTeX Warning: Reference `InSam1sep' on page 8 undefined on input line 611.


Underfull \hbox (badness 10000) in paragraph at lines 611--611
[]\OT1/ptm/b/n/12 Figure
 []

[8]

LaTeX Warning: Reference `InSam1sep' on page 9 undefined on input line 620.


Package natbib Warning: Citation `Greenhill:2011' on page 9 undefined on input 
line 621.


LaTeX Warning: Reference `InSam1sep' on page 9 undefined on input line 626.


LaTeX Warning: Reference `OutSam1' on page 9 undefined on input line 637.


LaTeX Warning: Reference `OutSam1' on page 9 undefined on input line 646.


Underfull \hbox (badness 10000) in paragraph at lines 646--646
\OT1/ptm/b/n/12 about
 []


Package natbib Warning: Citation `Gneiting_Raftery_2007' on page 9 undefined on
 input line 653.


Package natbib Warning: Citation `Gneiting_Raftery_2007' on page 9 undefined on
 input line 655.


LaTeX Warning: Reference `InSam1' on page 9 undefined on input line 655.


LaTeX Warning: Reference `OutSam1' on page 9 undefined on input line 656.


LaTeX Warning: Reference `OutSam1sep' on page 9 undefined on input line 674.


LaTeX Warning: Reference `OutSam1sep' on page 9 undefined on input line 684.


Underfull \hbox (badness 10000) in paragraph at lines 684--684
[]\OT1/ptm/b/n/12 Figure
 []


Package natbib Warning: Citation `Campbell:2008' on page 9 undefined on input l
ine 692.


Package natbib Warning: Citation `Norpoth:2008' on page 9 undefined on input li
ne 692.


Package natbib Warning: Citation `Lewis-Beck:Tien:2008' on page 9 undefined on 
input line 693.


Package natbib Warning: Citation `Abramowitz:2008' on page 9 undefined on input
 line 693.


Package natbib Warning: Citation `Erikson:Wlezien:2008' on page 9 undefined on 
input line 694.


Package natbib Warning: Citation `Holbrook:2008' on page 9 undefined on input l
ine 694.


Package natbib Warning: Citation `Lockerbie:2008' on page 9 undefined on input 
line 695.


Package natbib Warning: Citation `Cuzan:Bundrick:2008' on page 9 undefined on i
nput line 695.


Package natbib Warning: Citation `Brown:1999' on page 9 undefined on input line
 699.


Package natbib Warning: Citation `Fair:2010' on page 9 undefined on input line 
702.


Package natbib Warning: Citation `Hibbs:2000' on page 9 undefined on input line
 703.

[9]

Package natbib Warning: Citation `Campbell:2008' on page 10 undefined on input 
line 727.


Package natbib Warning: Citation `Abramowitz:2008' on page 10 undefined on inpu
t line 728.


Package natbib Warning: Citation `Hibbs:2000' on page 10 undefined on input lin
e 729.


Package natbib Warning: Citation `Fair:2010' on page 10 undefined on input line
 730.


Package natbib Warning: Citation `Lewis-Beck:Tien:2008' on page 10 undefined on
 input line 731.


Package natbib Warning: Citation `Erikson:Wlezien:2008' on page 10 undefined on
 input line 732.


Package natbib Warning: Citation `Abramowitz:2008' on page 10 undefined on inpu
t line 744.


Package natbib Warning: Citation `Campbell:2008' on page 10 undefined on input 
line 744.


Package natbib Warning: Citation `Erikson:Wlezien:2008' on page 10 undefined on
 input line 744.


Package natbib Warning: Citation `Lewis-Beck:Tien:2008' on page 10 undefined on
 input line 744.


Package natbib Warning: Citation `Fair2011' undefined on input line 744.


Package natbib Warning: Citation `Hibbs2011' undefined on input line 744.


LaTeX Warning: Reference `samples' on page 10 undefined on input line 766.


Package natbib Warning: Citation `Fraley:2010b' on page 10 undefined on input l
ine 766.


Package natbib Warning: Citation `Fraley:Forthcoming' on page 10 undefined on i
nput line 766.


LaTeX Warning: Reference `Pres-Year-Res' on page 10 undefined on input line 770
.


Underfull \hbox (badness 10000) in paragraph at lines 770--770
\OT1/ptm/b/n/12 about
 []

[10]

LaTeX Warning: Reference `Pres-Year-Res' on page 11 undefined on input line 772
.


LaTeX Warning: Reference `Pres-Year-Res' on page 11 undefined on input line 773
.


LaTeX Warning: Reference `Pres-Year-Res' on page 11 undefined on input line 781
.


LaTeX Warning: Reference `Pres-Year-Res' on page 11 undefined on input line 786
.


LaTeX Warning: Reference `clarity' on page 11 undefined on input line 789.


LaTeX Warning: Reference `Pres-Year-Res' on page 11 undefined on input line 799
.


Underfull \hbox (badness 10000) in paragraph at lines 819--819

 []


Package natbib Warning: Citation `Graefe:2010' on page 11 undefined on input li
ne 831.


LaTeX Warning: Reference `Pres-Res' on page 11 undefined on input line 841.


LaTeX Warning: Reference `Pres-Res' on page 11 undefined on input line 844.


Package natbib Warning: Citation `brandt:freeman:schrodt:2011' on page 11 undef
ined on input line 860.


LaTeX Warning: Reference `PresPlots2' on page 11 undefined on input line 860.

[11]

LaTeX Warning: Reference `Pres-Res' on page 12 undefined on input line 862.


Underfull \hbox (badness 10000) in paragraph at lines 862--862
\OT1/ptm/b/n/12 about
 []


LaTeX Warning: Reference `PresPlots2' on page 12 undefined on input line 864.


Underfull \hbox (badness 10000) in paragraph at lines 864--864
[]\OT1/ptm/b/n/12 Figure
 []


LaTeX Warning: Marginpar on page 12 moved.


LaTeX Warning: Reference `PresPlots2' on page 12 undefined on input line 882.


Package natbib Warning: Citation `Ruger:2004' on page 12 undefined on input lin
e 911.


Package natbib Warning: Citation `Martin:2004' on page 12 undefined on input li
ne 911.

[12]

Package natbib Warning: Citation `Hausegger_Baum_1999' on page 13 undefined on 
input line 939.


Package natbib Warning: Citation `Segal_Cover_1989' on page 13 undefined on inp
ut line 939.


Package natbib Warning: Citation `Richards_Kritzer_2002' on page 13 undefined o
n input line 939.


Package natbib Warning: Citation `Klein_Hume_2003' on page 13 undefined on inpu
t line 939.


Package natbib Warning: Citation `Songer_etal_1994' on page 13 undefined on inp
ut line 939.


Package natbib Warning: Citation `Martin:2004' on page 13 undefined on input li
ne 949.


LaTeX Warning: Reference `SC-Res' on page 13 undefined on input line 984.

[13]

LaTeX Warning: Reference `SC-Res' on page 14 undefined on input line 997.


Underfull \hbox (badness 10000) in paragraph at lines 997--997
\OT1/ptm/b/n/12 about
 []


Package natbib Warning: Citation `Vrugt:2008' on page 14 undefined on input lin
e 1022.


Package natbib Warning: Citation `Spirtes:2000' on page 14 undefined on input l
ine 1067.

[14]

Package natbib Warning: Citation `Montgomery:2012' on page 15 undefined on inpu
t line 1102.

[15]

Package natbib Warning: Citation `Sloughter:2007' on page 16 undefined on input
 line 1121.


Package natbib Warning: Citation `Sloughter:2010' on page 16 undefined on input
 line 1121.


Package natbib Warning: Citation `Sloughter:2007' on page 16 undefined on input
 line 1130.


Package natbib Warning: Citation `Sloughter:2010' on page 16 undefined on input
 line 1130.


Package natbib Warning: Citation `Raftery:2010' on page 16 undefined on input l
ine 1130.


Package natbib Warning: Citation `Muhlbaier:2007' on page 16 undefined on input
 line 1130.


Package natbib Warning: Citation `Mccormick:2011' on page 16 undefined on input
 line 1130.


Package natbib Warning: Citation `Tomas:2011' on page 16 undefined on input lin
e 1130.


Package natbib Warning: Citation `Sloughter:2007' on page 16 undefined on input
 line 1133.


Package natbib Warning: Citation `Hamill:2004' on page 16 undefined on input li
ne 1133.


LaTeX Font Warning: Command \small invalid in math mode on input line 1149.


Package natbib Warning: Citation `Hamill:2004' on page 16 undefined on input li
ne 1155.


Package natbib Warning: Citation `Sloughter:2007' on page 16 undefined on input
 line 1156.


LaTeX Font Warning: Command \small invalid in math mode on input line 1162.


LaTeX Font Warning: Command \small invalid in math mode on input line 1171.


LaTeX Warning: Reference `BMA-eq' on page 16 undefined on input line 1174.


LaTeX Font Warning: Command \small invalid in math mode on input line 1178.


Package natbib Warning: Citation `Raftery:2005' on page 16 undefined on input l
ine 1197.


Package natbib Warning: Citation `Sloughter:2007' on page 16 undefined on input
 line 1197.


Package natbib Warning: Citation `Vrugt:2008' on page 16 undefined on input lin
e 1201.

[16]

Package natbib Warning: Citation `Raftery:2005' on page 17 undefined on input l
ine 1204.


Package natbib Warning: Citation `Sloughter:2007' on page 17 undefined on input
 line 1204.


LaTeX Font Warning: Command \small invalid in math mode on input line 1210.


LaTeX Warning: Reference `pdf' on page 17 undefined on input line 1218.


Package hyperref Warning: Difference (2) between bookmark levels is greater 
(hyperref)                than one, level fixed on input line 1240.


LaTeX Font Warning: Command \small invalid in math mode on input line 1249.

)
No file EBMASingleSpaced.bbl.

Package natbib Warning: There were undefined citations.

Package atveryend Info: Empty hook `BeforeClearDocument' on input line 126.
[17]
Package atveryend Info: Empty hook `AfterLastShipout' on input line 126.
 (./EBMASingleSpaced.aux)
Package atveryend Info: Executing hook `AtVeryEndDocument' on input line 126.
Package atveryend Info: Executing hook `AtEndAfterFileList' on input line 126.


Package rerunfilecheck Warning: File `EBMASingleSpaced.out' has changed.
(rerunfilecheck)                Rerun to get outlines right
(rerunfilecheck)                or use package `bookmark'.

Package rerunfilecheck Info: Checksums for `EBMASingleSpaced.out':
(rerunfilecheck)             Before: <no file>
(rerunfilecheck)             After:  7016F1BD7A28BAD0578C49A821B34FA2;1231.

LaTeX Font Warning: Size substitutions with differences
(Font)              up to 4.5pt have occurred.


LaTeX Warning: There were undefined references.


LaTeX Warning: Label(s) may have changed. Rerun to get cross-references right.

Package atveryend Info: Empty hook `AtVeryVeryEnd' on input line 126.
 ) 
Here is how much of TeX's memory you used:
 9301 strings out of 493089
 132061 string characters out of 6134842
 256223 words of memory out of 5000000
 12516 multiletter control sequences out of 15000+600000
 39108 words of font info for 102 fonts, out of 8000000 for 9000
 1141 hyphenation exceptions out of 8191
 35i,11n,35p,1025b,337s stack positions out of 5000i,500n,10000p,200000b,80000s
pdfTeX warning (dest): name{Hfootnote.30} has been referenced but does not ex
ist, replaced by a fixed one

pdfTeX warning (dest): name{Hfootnote.29} has been referenced but does not exis
t, replaced by a fixed one

pdfTeX warning (dest): name{Hfootnote.28} has been referenced but does not exis
t, replaced by a fixed one

pdfTeX warning (dest): name{Hfootnote.27} has been referenced but does not exis
t, replaced by a fixed one

pdfTeX warning (dest): name{Hfootnote.26} has been referenced but does not exis
t, replaced by a fixed one

pdfTeX warning (dest): name{Hfootnote.25} has been referenced but does not exis
t, replaced by a fixed one

pdfTeX warning (dest): name{Hfootnote.24} has been referenced but does not exis
t, replaced by a fixed one

pdfTeX warning (dest): name{Hfootnote.23} has been referenced but does not exis
t, replaced by a fixed one

pdfTeX warning (dest): name{Hfootnote.22} has been referenced but does not exis
t, replaced by a fixed one

pdfTeX warning (dest): name{Hfootnote.21} has been referenced but does not exis
t, replaced by a fixed one

pdfTeX warning (dest): name{Hfootnote.20} has been referenced but does not exis
t, replaced by a fixed one

pdfTeX warning (dest): name{Hfootnote.19} has been referenced but does not exis
t, replaced by a fixed one

pdfTeX warning (dest): name{Hfootnote.18} has been referenced but does not exis
t, replaced by a fixed one

pdfTeX warning (dest): name{Hfootnote.17} has been referenced but does not exis
t, replaced by a fixed one

pdfTeX warning (dest): name{Hfootnote.16} has been referenced but does not exis
t, replaced by a fixed one

pdfTeX warning (dest): name{Hfootnote.15} has been referenced but does not exis
t, replaced by a fixed one

pdfTeX warning (dest): name{Hfootnote.14} has been referenced but does not exis
t, replaced by a fixed one

pdfTeX warning (dest): name{Hfootnote.13} has been referenced but does not exis
t, replaced by a fixed one

pdfTeX warning (dest): name{Hfootnote.12} has been referenced but does not exis
t, replaced by a fixed one

pdfTeX warning (dest): name{Hfootnote.11} has been referenced but does not exis
t, replaced by a fixed one

pdfTeX warning (dest): name{Hfootnote.10} has been referenced but does not exis
t, replaced by a fixed one

pdfTeX warning (dest): name{Hfootnote.9} has been referenced but does not exist
, replaced by a fixed one

pdfTeX warning (dest): name{Hfootnote.8} has been referenced but does not exist
, replaced by a fixed one

pdfTeX warning (dest): name{Hfootnote.7} has been referenced but does not exist
, replaced by a fixed one

pdfTeX warning (dest): name{Hfootnote.6} has been referenced but does not exist
, replaced by a fixed one

pdfTeX warning (dest): name{Hfootnote.5} has been referenced but does not exist
, replaced by a fixed one

pdfTeX warning (dest): name{Hfootnote.4} has been referenced but does not exist
, replaced by a fixed one

pdfTeX warning (dest): name{Hfootnote.3} has been referenced but does not exist
, replaced by a fixed one

pdfTeX warning (dest): name{Hfootnote.2} has been referenced but does not exist
, replaced by a fixed one

pdfTeX warning (dest): name{Hfootnote.1} has been referenced but does not exist
, replaced by a fixed one

{/usr/local/texlive/2015/texmf-dist/fonts/enc/dvips/base/8r.enc}</usr/local/tex
live/2015/texmf-dist/fonts/type1/public/amsfonts/cm/cmbx10.pfb></usr/local/texl
ive/2015/texmf-dist/fonts/type1/public/amsfonts/cm/cmbx12.pfb></usr/local/texli
ve/2015/texmf-dist/fonts/type1/public/amsfonts/cm/cmex10.pfb></usr/local/texliv
e/2015/texmf-dist/fonts/type1/public/amsfonts/cm/cmmi10.pfb></usr/local/texlive
/2015/texmf-dist/fonts/type1/public/amsfonts/cm/cmmi12.pfb></usr/local/texlive/
2015/texmf-dist/fonts/type1/public/amsfonts/cm/cmmi7.pfb></usr/local/texlive/20
15/texmf-dist/fonts/type1/public/amsfonts/cm/cmmi8.pfb></usr/local/texlive/2015
/texmf-dist/fonts/type1/public/amsfonts/cm/cmr10.pfb></usr/local/texlive/2015/t
exmf-dist/fonts/type1/public/amsfonts/cm/cmr12.pfb></usr/local/texlive/2015/tex
mf-dist/fonts/type1/public/amsfonts/cm/cmr7.pfb></usr/local/texlive/2015/texmf-
dist/fonts/type1/public/amsfonts/cm/cmr8.pfb></usr/local/texlive/2015/texmf-dis
t/fonts/type1/public/amsfonts/cm/cmsy10.pfb></usr/local/texlive/2015/texmf-dist
/fonts/type1/public/amsfonts/cm/cmsy6.pfb></usr/local/texlive/2015/texmf-dist/f
onts/type1/public/amsfonts/cm/cmsy7.pfb></usr/local/texlive/2015/texmf-dist/fon
ts/type1/public/amsfonts/cm/cmsy8.pfb></usr/local/texlive/2015/texmf-dist/fonts
/type1/urw/courier/ucrr8a.pfb></usr/local/texlive/2015/texmf-dist/fonts/type1/u
rw/times/utmb8a.pfb></usr/local/texlive/2015/texmf-dist/fonts/type1/urw/times/u
tmr8a.pfb></usr/local/texlive/2015/texmf-dist/fonts/type1/urw/times/utmr8a.pfb>
</usr/local/texlive/2015/texmf-dist/fonts/type1/urw/times/utmri8a.pfb>
Output written on EBMASingleSpaced.pdf (18 pages, 272120 bytes).
PDF statistics:
 282 PDF objects out of 1000 (max. 8388607)
 239 compressed objects within 3 object streams
 78 named destinations out of 1000 (max. 500000)
 1 words of extra memory for PDF output out of 10000 (max. 10000000)

